2020-08-22 22:45:14.481  INFO 15284 --- [Test worker] engine.WebQuizEngine                     : Starting WebQuizEngine on POWERPC with PID 15284 (started by alexd in D:\0-alex-reserve\repos\hyperskill-web-quiz-engine\Web Quiz Engine\task)
2020-08-22 22:45:14.486  INFO 15284 --- [Test worker] engine.WebQuizEngine                     : No active profile set, falling back to default profiles: default
2020-08-22 22:45:15.696  INFO 15284 --- [Test worker] .s.d.r.c.RepositoryConfigurationDelegate : Bootstrapping Spring Data JPA repositories in DEFAULT mode.
2020-08-22 22:45:15.803  INFO 15284 --- [Test worker] .s.d.r.c.RepositoryConfigurationDelegate : Finished Spring Data repository scanning in 82ms. Found 3 JPA repository interfaces.
2020-08-22 22:45:16.263  INFO 15284 --- [Test worker] trationDelegate$BeanPostProcessorChecker : Bean 'org.springframework.transaction.annotation.ProxyTransactionManagementConfiguration' of type [org.springframework.transaction.annotation.ProxyTransactionManagementConfiguration] is not eligible for getting processed by all BeanPostProcessors (for example: not eligible for auto-proxying)
2020-08-22 22:45:16.577  INFO 15284 --- [Test worker] o.s.b.w.embedded.tomcat.TomcatWebServer  : Tomcat initialized with port(s): 8889 (http)
2020-08-22 22:45:16.592  INFO 15284 --- [Test worker] o.apache.catalina.core.StandardService   : Starting service [Tomcat]
2020-08-22 22:45:16.593  INFO 15284 --- [Test worker] org.apache.catalina.core.StandardEngine  : Starting Servlet engine: [Apache Tomcat/9.0.29]
2020-08-22 22:45:16.749  INFO 15284 --- [Test worker] o.a.c.c.C.[Tomcat].[localhost].[/]       : Initializing Spring embedded WebApplicationContext
2020-08-22 22:45:16.750  INFO 15284 --- [Test worker] o.s.web.context.ContextLoader            : Root WebApplicationContext: initialization completed in 2205 ms
2020-08-22 22:45:16.902  INFO 15284 --- [Test worker] com.zaxxer.hikari.HikariDataSource       : HikariPool-1 - Starting...
2020-08-22 22:45:17.134  INFO 15284 --- [Test worker] com.zaxxer.hikari.HikariDataSource       : HikariPool-1 - Start completed.
2020-08-22 22:45:17.144  INFO 15284 --- [Test worker] o.s.b.a.h2.H2ConsoleAutoConfiguration    : H2 console available at '/h2-console'. Database available at 'jdbc:h2:file:../quizdb'
2020-08-22 22:45:17.503  INFO 15284 --- [Test worker] o.hibernate.jpa.internal.util.LogHelper  : HHH000204: Processing PersistenceUnitInfo [name: default]
2020-08-22 22:45:17.618  INFO 15284 --- [Test worker] org.hibernate.Version                    : HHH000412: Hibernate Core {5.4.9.Final}
2020-08-22 22:45:17.817  INFO 15284 --- [Test worker] o.hibernate.annotations.common.Version   : HCANN000001: Hibernate Commons Annotations {5.1.0.Final}
2020-08-22 22:45:17.970  INFO 15284 --- [Test worker] org.hibernate.dialect.Dialect            : HHH000400: Using dialect: org.hibernate.dialect.H2Dialect
2020-08-22 22:45:19.046  INFO 15284 --- [Test worker] o.h.e.t.j.p.i.JtaPlatformInitiator       : HHH000490: Using JtaPlatform implementation: [org.hibernate.engine.transaction.jta.platform.internal.NoJtaPlatform]
2020-08-22 22:45:19.055  INFO 15284 --- [Test worker] j.LocalContainerEntityManagerFactoryBean : Initialized JPA EntityManagerFactory for persistence unit 'default'
2020-08-22 22:45:19.122  WARN 15284 --- [Test worker] JpaBaseConfiguration$JpaWebConfiguration : spring.jpa.open-in-view is enabled by default. Therefore, database queries may be performed during view rendering. Explicitly configure spring.jpa.open-in-view to disable this warning
2020-08-22 22:45:19.718  INFO 15284 --- [Test worker] o.s.s.web.DefaultSecurityFilterChain     : Creating filter chain: any request, [org.springframework.security.web.context.request.async.WebAsyncManagerIntegrationFilter@3bdcf376, org.springframework.security.web.context.SecurityContextPersistenceFilter@70b989ef, org.springframework.security.web.header.HeaderWriterFilter@665918fe, org.springframework.security.web.authentication.logout.LogoutFilter@6fc8d3df, org.springframework.security.web.authentication.www.BasicAuthenticationFilter@55931174, org.springframework.security.web.savedrequest.RequestCacheAwareFilter@361b7cc3, org.springframework.security.web.servletapi.SecurityContextHolderAwareRequestFilter@53ed4f84, org.springframework.security.web.authentication.AnonymousAuthenticationFilter@5ebd8f20, org.springframework.security.web.session.SessionManagementFilter@4c26f1a6, org.springframework.security.web.access.ExceptionTranslationFilter@78e41331, org.springframework.security.web.access.intercept.FilterSecurityInterceptor@5ba24cf5]
2020-08-22 22:45:19.876  INFO 15284 --- [Test worker] o.s.s.concurrent.ThreadPoolTaskExecutor  : Initializing ExecutorService 'applicationTaskExecutor'
2020-08-22 22:45:20.202  INFO 15284 --- [Test worker] o.s.b.a.e.web.EndpointLinksResolver      : Exposing 15 endpoint(s) beneath base path '/actuator'
2020-08-22 22:45:20.277  INFO 15284 --- [Test worker] o.s.b.w.embedded.tomcat.TomcatWebServer  : Tomcat started on port(s): 8889 (http) with context path ''
2020-08-22 22:45:20.282  INFO 15284 --- [Test worker] engine.WebQuizEngine                     : Started WebQuizEngine in 6.295 seconds (JVM running for 7.306)
2020-08-22 22:45:20.723  INFO 15284 --- [http-nio-8889-exec-1] o.a.c.c.C.[Tomcat].[localhost].[/]       : Initializing Spring DispatcherServlet 'dispatcherServlet'
2020-08-22 22:45:20.726  INFO 15284 --- [http-nio-8889-exec-1] o.s.web.servlet.DispatcherServlet        : Initializing Servlet 'dispatcherServlet'
2020-08-22 22:45:20.738  INFO 15284 --- [http-nio-8889-exec-1] o.s.web.servlet.DispatcherServlet        : Completed initialization in 12 ms
2020-08-22 22:45:21.355  WARN 15284 --- [http-nio-8889-exec-4] .w.s.m.s.DefaultHandlerExceptionResolver : Resolved [org.springframework.web.bind.MethodArgumentNotValidException: Validation failed for argument [0] in public java.lang.String engine.controller.UserController.registerUser(engine.entity.User) with 2 errors: [Field error in object 'user' on field 'email': rejected value [google.com]; codes [Pattern.user.email,Pattern.email,Pattern.java.lang.String,Pattern]; arguments [org.springframework.context.support.DefaultMessageSourceResolvable: codes [user.email,email]; arguments []; default message [email],[Ljavax.validation.constraints.Pattern$Flag;@4ac9e13f,.+@.+\..+]; default message [must match ".+@.+\..+"]] [Field error in object 'user' on field 'email': rejected value [google.com]; codes [Email.user.email,Email.email,Email.java.lang.String,Email]; arguments [org.springframework.context.support.DefaultMessageSourceResolvable: codes [user.email,email]; arguments []; default message [email],[Ljavax.validation.constraints.Pattern$Flag;@70255324,.*]; default message [must be a well-formed email address]] ]
2020-08-22 22:45:21.418  WARN 15284 --- [http-nio-8889-exec-5] .w.s.m.s.DefaultHandlerExceptionResolver : Resolved [org.springframework.web.bind.MethodArgumentNotValidException: Validation failed for argument [0] in public java.lang.String engine.controller.UserController.registerUser(engine.entity.User): [Field error in object 'user' on field 'email': rejected value [well@googlecom]; codes [Pattern.user.email,Pattern.email,Pattern.java.lang.String,Pattern]; arguments [org.springframework.context.support.DefaultMessageSourceResolvable: codes [user.email,email]; arguments []; default message [email],[Ljavax.validation.constraints.Pattern$Flag;@4ac9e13f,.+@.+\..+]; default message [must match ".+@.+\..+"]] ]
2020-08-22 22:45:21.445  WARN 15284 --- [http-nio-8889-exec-7] .w.s.m.s.DefaultHandlerExceptionResolver : Resolved [org.springframework.web.bind.MethodArgumentNotValidException: Validation failed for argument [0] in public java.lang.String engine.controller.UserController.registerUser(engine.entity.User): [Field error in object 'user' on field 'password': rejected value [1234]; codes [Size.user.password,Size.password,Size.java.lang.String,Size]; arguments [org.springframework.context.support.DefaultMessageSourceResolvable: codes [user.password,password]; arguments []; default message [password],2147483647,5]; default message [size must be between 5 and 2147483647]] ]
2020-08-22 22:45:21.454  WARN 15284 --- [http-nio-8889-exec-8] .w.s.m.s.DefaultHandlerExceptionResolver : Resolved [org.springframework.web.bind.MethodArgumentNotValidException: Validation failed for argument [0] in public java.lang.String engine.controller.UserController.registerUser(engine.entity.User): [Field error in object 'user' on field 'password': rejected value [123]; codes [Size.user.password,Size.password,Size.java.lang.String,Size]; arguments [org.springframework.context.support.DefaultMessageSourceResolvable: codes [user.password,password]; arguments []; default message [password],2147483647,5]; default message [size must be between 5 and 2147483647]] ]
2020-08-22 22:45:21.762  WARN 15284 --- [http-nio-8889-exec-9] o.a.c.util.SessionIdGeneratorBase        : Creation of SecureRandom instance for session ID generation using [SHA1PRNG] took [118] milliseconds.
2020-08-22 22:45:23.387  INFO 15284 --- [http-nio-8889-exec-4] engine.controller.QuizController         : checkQuiz id: 1 user: test@google.com
2020-08-22 22:45:23.476  INFO 15284 --- [http-nio-8889-exec-5] engine.controller.QuizController         : checkQuiz id: 1 user: user@google.com
2020-08-22 22:45:23.561  INFO 15284 --- [http-nio-8889-exec-6] engine.controller.QuizController         : checkQuiz id: 1 user: test@google.com
2020-08-22 22:45:23.646  INFO 15284 --- [http-nio-8889-exec-7] engine.controller.QuizController         : checkQuiz id: 1 user: user@google.com
2020-08-22 22:45:23.730  INFO 15284 --- [http-nio-8889-exec-8] engine.controller.QuizController         : checkQuiz id: 2 user: test@google.com
2020-08-22 22:45:23.812  INFO 15284 --- [http-nio-8889-exec-9] engine.controller.QuizController         : checkQuiz id: 2 user: user@google.com
2020-08-22 22:45:23.898  INFO 15284 --- [http-nio-8889-exec-10] engine.controller.QuizController         : checkQuiz id: 2 user: test@google.com
2020-08-22 22:45:23.983  INFO 15284 --- [http-nio-8889-exec-1] engine.controller.QuizController         : checkQuiz id: 2 user: user@google.com
2020-08-22 22:45:24.068  INFO 15284 --- [http-nio-8889-exec-2] engine.controller.QuizController         : getCompletionList page: 0 user: test@google.com
2020-08-22 22:45:24.117  INFO 15284 --- [SpringContextShutdownHook] o.s.s.concurrent.ThreadPoolTaskExecutor  : Shutting down ExecutorService 'applicationTaskExecutor'
2020-08-22 22:45:24.119  INFO 15284 --- [SpringContextShutdownHook] j.LocalContainerEntityManagerFactoryBean : Closing JPA EntityManagerFactory for persistence unit 'default'
2020-08-22 22:45:24.122  INFO 15284 --- [SpringContextShutdownHook] com.zaxxer.hikari.HikariDataSource       : HikariPool-1 - Shutdown initiated...
2020-08-22 22:45:24.126  INFO 15284 --- [SpringContextShutdownHook] com.zaxxer.hikari.HikariDataSource       : HikariPool-1 - Shutdown completed.
2020-08-22 22:49:00.195  INFO 2692 --- [Test worker] engine.WebQuizEngine                     : Starting WebQuizEngine on POWERPC with PID 2692 (started by alexd in D:\0-alex-reserve\repos\hyperskill-web-quiz-engine\Web Quiz Engine\task)
2020-08-22 22:49:00.200  INFO 2692 --- [Test worker] engine.WebQuizEngine                     : No active profile set, falling back to default profiles: default
2020-08-22 22:49:01.369  INFO 2692 --- [Test worker] .s.d.r.c.RepositoryConfigurationDelegate : Bootstrapping Spring Data JPA repositories in DEFAULT mode.
2020-08-22 22:49:01.465  INFO 2692 --- [Test worker] .s.d.r.c.RepositoryConfigurationDelegate : Finished Spring Data repository scanning in 77ms. Found 3 JPA repository interfaces.
2020-08-22 22:49:01.899  INFO 2692 --- [Test worker] trationDelegate$BeanPostProcessorChecker : Bean 'org.springframework.transaction.annotation.ProxyTransactionManagementConfiguration' of type [org.springframework.transaction.annotation.ProxyTransactionManagementConfiguration] is not eligible for getting processed by all BeanPostProcessors (for example: not eligible for auto-proxying)
2020-08-22 22:49:02.199  INFO 2692 --- [Test worker] o.s.b.w.embedded.tomcat.TomcatWebServer  : Tomcat initialized with port(s): 8889 (http)
2020-08-22 22:49:02.215  INFO 2692 --- [Test worker] o.apache.catalina.core.StandardService   : Starting service [Tomcat]
2020-08-22 22:49:02.215  INFO 2692 --- [Test worker] org.apache.catalina.core.StandardEngine  : Starting Servlet engine: [Apache Tomcat/9.0.29]
2020-08-22 22:49:02.376  INFO 2692 --- [Test worker] o.a.c.c.C.[Tomcat].[localhost].[/]       : Initializing Spring embedded WebApplicationContext
2020-08-22 22:49:02.377  INFO 2692 --- [Test worker] o.s.web.context.ContextLoader            : Root WebApplicationContext: initialization completed in 2111 ms
2020-08-22 22:49:02.527  INFO 2692 --- [Test worker] com.zaxxer.hikari.HikariDataSource       : HikariPool-1 - Starting...
2020-08-22 22:49:02.762  INFO 2692 --- [Test worker] com.zaxxer.hikari.HikariDataSource       : HikariPool-1 - Start completed.
2020-08-22 22:49:02.771  INFO 2692 --- [Test worker] o.s.b.a.h2.H2ConsoleAutoConfiguration    : H2 console available at '/h2-console'. Database available at 'jdbc:h2:file:../quizdb'
2020-08-22 22:49:03.112  INFO 2692 --- [Test worker] o.hibernate.jpa.internal.util.LogHelper  : HHH000204: Processing PersistenceUnitInfo [name: default]
2020-08-22 22:49:03.227  INFO 2692 --- [Test worker] org.hibernate.Version                    : HHH000412: Hibernate Core {5.4.9.Final}
2020-08-22 22:49:03.424  INFO 2692 --- [Test worker] o.hibernate.annotations.common.Version   : HCANN000001: Hibernate Commons Annotations {5.1.0.Final}
2020-08-22 22:49:03.581  INFO 2692 --- [Test worker] org.hibernate.dialect.Dialect            : HHH000400: Using dialect: org.hibernate.dialect.H2Dialect
2020-08-22 22:49:04.566  INFO 2692 --- [Test worker] o.h.e.t.j.p.i.JtaPlatformInitiator       : HHH000490: Using JtaPlatform implementation: [org.hibernate.engine.transaction.jta.platform.internal.NoJtaPlatform]
2020-08-22 22:49:04.574  INFO 2692 --- [Test worker] j.LocalContainerEntityManagerFactoryBean : Initialized JPA EntityManagerFactory for persistence unit 'default'
2020-08-22 22:49:04.620  WARN 2692 --- [Test worker] JpaBaseConfiguration$JpaWebConfiguration : spring.jpa.open-in-view is enabled by default. Therefore, database queries may be performed during view rendering. Explicitly configure spring.jpa.open-in-view to disable this warning
2020-08-22 22:49:05.218  INFO 2692 --- [Test worker] o.s.s.web.DefaultSecurityFilterChain     : Creating filter chain: any request, [org.springframework.security.web.context.request.async.WebAsyncManagerIntegrationFilter@39c8376f, org.springframework.security.web.context.SecurityContextPersistenceFilter@345f493d, org.springframework.security.web.header.HeaderWriterFilter@38d951cd, org.springframework.security.web.authentication.logout.LogoutFilter@cd8ad7, org.springframework.security.web.authentication.www.BasicAuthenticationFilter@45100726, org.springframework.security.web.savedrequest.RequestCacheAwareFilter@1a704f1, org.springframework.security.web.servletapi.SecurityContextHolderAwareRequestFilter@61979c95, org.springframework.security.web.authentication.AnonymousAuthenticationFilter@5e1f95fd, org.springframework.security.web.session.SessionManagementFilter@6ed1c870, org.springframework.security.web.access.ExceptionTranslationFilter@303a3ca4, org.springframework.security.web.access.intercept.FilterSecurityInterceptor@58f021c7]
2020-08-22 22:49:05.384  INFO 2692 --- [Test worker] o.s.s.concurrent.ThreadPoolTaskExecutor  : Initializing ExecutorService 'applicationTaskExecutor'
2020-08-22 22:49:05.707  INFO 2692 --- [Test worker] o.s.b.a.e.web.EndpointLinksResolver      : Exposing 15 endpoint(s) beneath base path '/actuator'
2020-08-22 22:49:05.788  INFO 2692 --- [Test worker] o.s.b.w.embedded.tomcat.TomcatWebServer  : Tomcat started on port(s): 8889 (http) with context path ''
2020-08-22 22:49:05.792  INFO 2692 --- [Test worker] engine.WebQuizEngine                     : Started WebQuizEngine in 6.11 seconds (JVM running for 7.111)
2020-08-22 22:49:06.183  INFO 2692 --- [http-nio-8889-exec-1] o.a.c.c.C.[Tomcat].[localhost].[/]       : Initializing Spring DispatcherServlet 'dispatcherServlet'
2020-08-22 22:49:06.185  INFO 2692 --- [http-nio-8889-exec-1] o.s.web.servlet.DispatcherServlet        : Initializing Servlet 'dispatcherServlet'
2020-08-22 22:49:06.195  INFO 2692 --- [http-nio-8889-exec-1] o.s.web.servlet.DispatcherServlet        : Completed initialization in 9 ms
2020-08-22 22:49:06.818  WARN 2692 --- [http-nio-8889-exec-4] .w.s.m.s.DefaultHandlerExceptionResolver : Resolved [org.springframework.web.bind.MethodArgumentNotValidException: Validation failed for argument [0] in public java.lang.String engine.controller.UserController.registerUser(engine.entity.User) with 2 errors: [Field error in object 'user' on field 'email': rejected value [google.com]; codes [Email.user.email,Email.email,Email.java.lang.String,Email]; arguments [org.springframework.context.support.DefaultMessageSourceResolvable: codes [user.email,email]; arguments []; default message [email],[Ljavax.validation.constraints.Pattern$Flag;@707cd50b,.*]; default message [must be a well-formed email address]] [Field error in object 'user' on field 'email': rejected value [google.com]; codes [Pattern.user.email,Pattern.email,Pattern.java.lang.String,Pattern]; arguments [org.springframework.context.support.DefaultMessageSourceResolvable: codes [user.email,email]; arguments []; default message [email],[Ljavax.validation.constraints.Pattern$Flag;@415508a5,.+@.+\..+]; default message [must match ".+@.+\..+"]] ]
2020-08-22 22:49:06.877  WARN 2692 --- [http-nio-8889-exec-5] .w.s.m.s.DefaultHandlerExceptionResolver : Resolved [org.springframework.web.bind.MethodArgumentNotValidException: Validation failed for argument [0] in public java.lang.String engine.controller.UserController.registerUser(engine.entity.User): [Field error in object 'user' on field 'email': rejected value [well@googlecom]; codes [Pattern.user.email,Pattern.email,Pattern.java.lang.String,Pattern]; arguments [org.springframework.context.support.DefaultMessageSourceResolvable: codes [user.email,email]; arguments []; default message [email],[Ljavax.validation.constraints.Pattern$Flag;@415508a5,.+@.+\..+]; default message [must match ".+@.+\..+"]] ]
2020-08-22 22:49:06.906  WARN 2692 --- [http-nio-8889-exec-7] .w.s.m.s.DefaultHandlerExceptionResolver : Resolved [org.springframework.web.bind.MethodArgumentNotValidException: Validation failed for argument [0] in public java.lang.String engine.controller.UserController.registerUser(engine.entity.User): [Field error in object 'user' on field 'password': rejected value [1234]; codes [Size.user.password,Size.password,Size.java.lang.String,Size]; arguments [org.springframework.context.support.DefaultMessageSourceResolvable: codes [user.password,password]; arguments []; default message [password],2147483647,5]; default message [size must be between 5 and 2147483647]] ]
2020-08-22 22:49:06.916  WARN 2692 --- [http-nio-8889-exec-8] .w.s.m.s.DefaultHandlerExceptionResolver : Resolved [org.springframework.web.bind.MethodArgumentNotValidException: Validation failed for argument [0] in public java.lang.String engine.controller.UserController.registerUser(engine.entity.User): [Field error in object 'user' on field 'password': rejected value [123]; codes [Size.user.password,Size.password,Size.java.lang.String,Size]; arguments [org.springframework.context.support.DefaultMessageSourceResolvable: codes [user.password,password]; arguments []; default message [password],2147483647,5]; default message [size must be between 5 and 2147483647]] ]
2020-08-22 22:49:07.213  WARN 2692 --- [http-nio-8889-exec-9] o.a.c.util.SessionIdGeneratorBase        : Creation of SecureRandom instance for session ID generation using [SHA1PRNG] took [112] milliseconds.
2020-08-22 22:49:08.806  INFO 2692 --- [http-nio-8889-exec-3] engine.controller.QuizController         : checkQuiz id: 1 user: test@google.com
2020-08-22 22:49:08.890  INFO 2692 --- [http-nio-8889-exec-4] engine.controller.QuizController         : checkQuiz id: 1 user: user@google.com
2020-08-22 22:49:08.975  INFO 2692 --- [http-nio-8889-exec-5] engine.controller.QuizController         : checkQuiz id: 1 user: test@google.com
2020-08-22 22:49:09.061  INFO 2692 --- [http-nio-8889-exec-6] engine.controller.QuizController         : checkQuiz id: 1 user: user@google.com
2020-08-22 22:49:09.142  INFO 2692 --- [http-nio-8889-exec-7] engine.controller.QuizController         : checkQuiz id: 2 user: test@google.com
2020-08-22 22:49:09.222  INFO 2692 --- [http-nio-8889-exec-8] engine.controller.QuizController         : checkQuiz id: 2 user: user@google.com
2020-08-22 22:49:09.305  INFO 2692 --- [http-nio-8889-exec-9] engine.controller.QuizController         : checkQuiz id: 2 user: test@google.com
2020-08-22 22:49:09.385  INFO 2692 --- [http-nio-8889-exec-10] engine.controller.QuizController         : checkQuiz id: 2 user: user@google.com
2020-08-22 22:49:09.466  INFO 2692 --- [http-nio-8889-exec-1] engine.controller.QuizController         : getCompletionList page: 0 user: test@google.com
2020-08-22 22:49:09.557  INFO 2692 --- [http-nio-8889-exec-2] engine.controller.QuizController         : getCompletionList page: 0 user: user@google.com
2020-08-22 22:49:10.238  INFO 2692 --- [Thread-6] o.s.s.concurrent.ThreadPoolTaskExecutor  : Shutting down ExecutorService 'applicationTaskExecutor'
2020-08-22 22:49:10.240  INFO 2692 --- [Thread-6] j.LocalContainerEntityManagerFactoryBean : Closing JPA EntityManagerFactory for persistence unit 'default'
2020-08-22 22:49:10.243  INFO 2692 --- [Thread-6] com.zaxxer.hikari.HikariDataSource       : HikariPool-1 - Shutdown initiated...
2020-08-22 22:49:10.520  INFO 2692 --- [Thread-6] com.zaxxer.hikari.HikariDataSource       : HikariPool-1 - Shutdown completed.
2020-08-22 22:49:10.582  INFO 2692 --- [Test worker] engine.WebQuizEngine                     : Starting WebQuizEngine on POWERPC with PID 2692 (started by alexd in D:\0-alex-reserve\repos\hyperskill-web-quiz-engine\Web Quiz Engine\task)
2020-08-22 22:49:10.582  INFO 2692 --- [Test worker] engine.WebQuizEngine                     : No active profile set, falling back to default profiles: default
2020-08-22 22:49:10.645  INFO 2692 --- [Thread-6] o.apache.catalina.core.StandardService   : Stopping service [Tomcat]
2020-08-22 22:49:10.656  INFO 2692 --- [Thread-6] o.a.c.c.C.[Tomcat].[localhost].[/]       : Destroying Spring FrameworkServlet 'dispatcherServlet'
2020-08-22 22:49:10.915  INFO 2692 --- [Test worker] .s.d.r.c.RepositoryConfigurationDelegate : Bootstrapping Spring Data JPA repositories in DEFAULT mode.
2020-08-22 22:49:10.931  INFO 2692 --- [Test worker] .s.d.r.c.RepositoryConfigurationDelegate : Finished Spring Data repository scanning in 15ms. Found 3 JPA repository interfaces.
2020-08-22 22:49:10.990  INFO 2692 --- [Test worker] trationDelegate$BeanPostProcessorChecker : Bean 'org.springframework.transaction.annotation.ProxyTransactionManagementConfiguration' of type [org.springframework.transaction.annotation.ProxyTransactionManagementConfiguration] is not eligible for getting processed by all BeanPostProcessors (for example: not eligible for auto-proxying)
2020-08-22 22:49:11.033  WARN 2692 --- [Test worker] org.apache.tomcat.util.modeler.Registry  : The MBean registry cannot be disabled because it has already been initialised
2020-08-22 22:49:11.039  INFO 2692 --- [Test worker] o.s.b.w.embedded.tomcat.TomcatWebServer  : Tomcat initialized with port(s): 8889 (http)
2020-08-22 22:49:11.041  INFO 2692 --- [Test worker] o.apache.catalina.core.StandardService   : Starting service [Tomcat]
2020-08-22 22:49:11.041  INFO 2692 --- [Test worker] org.apache.catalina.core.StandardEngine  : Starting Servlet engine: [Apache Tomcat/9.0.29]
2020-08-22 22:49:11.080  INFO 2692 --- [Test worker] o.a.c.c.C.[Tomcat].[localhost].[/]       : Initializing Spring embedded WebApplicationContext
2020-08-22 22:49:11.080  INFO 2692 --- [Test worker] o.s.web.context.ContextLoader            : Root WebApplicationContext: initialization completed in 494 ms
2020-08-22 22:49:11.130  INFO 2692 --- [Test worker] com.zaxxer.hikari.HikariDataSource       : HikariPool-2 - Starting...
2020-08-22 22:49:11.143  INFO 2692 --- [Test worker] com.zaxxer.hikari.HikariDataSource       : HikariPool-2 - Start completed.
2020-08-22 22:49:11.143  INFO 2692 --- [Test worker] o.s.b.a.h2.H2ConsoleAutoConfiguration    : H2 console available at '/h2-console'. Database available at 'jdbc:h2:file:../quizdb'
2020-08-22 22:49:11.236  INFO 2692 --- [Test worker] o.hibernate.jpa.internal.util.LogHelper  : HHH000204: Processing PersistenceUnitInfo [name: default]
2020-08-22 22:49:11.244  INFO 2692 --- [Test worker] org.hibernate.dialect.Dialect            : HHH000400: Using dialect: org.hibernate.dialect.H2Dialect
2020-08-22 22:49:11.369  INFO 2692 --- [Test worker] o.h.e.t.j.p.i.JtaPlatformInitiator       : HHH000490: Using JtaPlatform implementation: [org.hibernate.engine.transaction.jta.platform.internal.NoJtaPlatform]
2020-08-22 22:49:11.370  INFO 2692 --- [Test worker] j.LocalContainerEntityManagerFactoryBean : Initialized JPA EntityManagerFactory for persistence unit 'default'
2020-08-22 22:49:11.394  WARN 2692 --- [Test worker] JpaBaseConfiguration$JpaWebConfiguration : spring.jpa.open-in-view is enabled by default. Therefore, database queries may be performed during view rendering. Explicitly configure spring.jpa.open-in-view to disable this warning
2020-08-22 22:49:11.479  INFO 2692 --- [Test worker] o.s.s.web.DefaultSecurityFilterChain     : Creating filter chain: any request, [org.springframework.security.web.context.request.async.WebAsyncManagerIntegrationFilter@60da2b44, org.springframework.security.web.context.SecurityContextPersistenceFilter@5d9dc079, org.springframework.security.web.header.HeaderWriterFilter@11317d5b, org.springframework.security.web.authentication.logout.LogoutFilter@78961823, org.springframework.security.web.authentication.www.BasicAuthenticationFilter@5e72992f, org.springframework.security.web.savedrequest.RequestCacheAwareFilter@1ca7a018, org.springframework.security.web.servletapi.SecurityContextHolderAwareRequestFilter@6e6dd72, org.springframework.security.web.authentication.AnonymousAuthenticationFilter@499db779, org.springframework.security.web.session.SessionManagementFilter@7f8652c1, org.springframework.security.web.access.ExceptionTranslationFilter@9791052, org.springframework.security.web.access.intercept.FilterSecurityInterceptor@57c0a343]
2020-08-22 22:49:11.529  INFO 2692 --- [Test worker] o.s.s.concurrent.ThreadPoolTaskExecutor  : Initializing ExecutorService 'applicationTaskExecutor'
2020-08-22 22:49:11.634  INFO 2692 --- [Test worker] o.s.b.a.e.web.EndpointLinksResolver      : Exposing 15 endpoint(s) beneath base path '/actuator'
2020-08-22 22:49:11.661  INFO 2692 --- [Test worker] o.s.b.w.embedded.tomcat.TomcatWebServer  : Tomcat started on port(s): 8889 (http) with context path ''
2020-08-22 22:49:11.662  INFO 2692 --- [Test worker] engine.WebQuizEngine                     : Started WebQuizEngine in 1.117 seconds (JVM running for 12.981)
2020-08-22 22:49:11.671  INFO 2692 --- [http-nio-8889-exec-1] o.a.c.c.C.[Tomcat].[localhost].[/]       : Initializing Spring DispatcherServlet 'dispatcherServlet'
2020-08-22 22:49:11.672  INFO 2692 --- [http-nio-8889-exec-1] o.s.web.servlet.DispatcherServlet        : Initializing Servlet 'dispatcherServlet'
2020-08-22 22:49:11.675  INFO 2692 --- [http-nio-8889-exec-1] o.s.web.servlet.DispatcherServlet        : Completed initialization in 3 ms
2020-08-22 22:49:12.015  INFO 2692 --- [http-nio-8889-exec-3] engine.controller.QuizController         : checkQuiz id: 1 user: user@google.com
2020-08-22 22:49:12.103  INFO 2692 --- [http-nio-8889-exec-4] engine.controller.QuizController         : checkQuiz id: 1 user: test@google.com
2020-08-22 22:49:12.185  INFO 2692 --- [http-nio-8889-exec-5] engine.controller.QuizController         : checkQuiz id: 2 user: user@google.com
2020-08-22 22:49:12.268  INFO 2692 --- [http-nio-8889-exec-6] engine.controller.QuizController         : checkQuiz id: 2 user: test@google.com
2020-08-22 22:49:12.357  INFO 2692 --- [http-nio-8889-exec-7] engine.controller.QuizController         : getCompletionList page: 0 user: test@google.com
2020-08-22 22:49:12.441  INFO 2692 --- [http-nio-8889-exec-8] engine.controller.QuizController         : getCompletionList page: 0 user: test@google.com
2020-08-22 22:49:12.523  INFO 2692 --- [http-nio-8889-exec-9] engine.controller.QuizController         : getCompletionList page: 0 user: user@google.com
2020-08-22 22:49:12.606  INFO 2692 --- [http-nio-8889-exec-10] engine.controller.QuizController         : getCompletionList page: 0 user: user@google.com
2020-08-22 22:49:12.688  WARN 2692 --- [http-nio-8889-exec-1] .w.s.m.s.DefaultHandlerExceptionResolver : Resolved [org.springframework.http.converter.HttpMessageNotReadableException: JSON parse error: Unexpected character ('"' (code 34)): was expecting comma to separate Object entries; nested exception is com.fasterxml.jackson.core.JsonParseException: Unexpected character ('"' (code 34)): was expecting comma to separate Object entries
 at [Source: (PushbackInputStream); line: 4, column: 4]]
2020-08-22 22:49:12.773  WARN 2692 --- [http-nio-8889-exec-2] .w.s.m.s.DefaultHandlerExceptionResolver : Resolved [org.springframework.http.converter.HttpMessageNotReadableException: JSON parse error: Unexpected character ('"' (code 34)): was expecting comma to separate Object entries; nested exception is com.fasterxml.jackson.core.JsonParseException: Unexpected character ('"' (code 34)): was expecting comma to separate Object entries
 at [Source: (PushbackInputStream); line: 5, column: 4]]
2020-08-22 22:49:12.859  WARN 2692 --- [http-nio-8889-exec-3] .w.s.m.s.DefaultHandlerExceptionResolver : Resolved [org.springframework.http.converter.HttpMessageNotReadableException: JSON parse error: Unexpected character ('"' (code 34)): was expecting comma to separate Object entries; nested exception is com.fasterxml.jackson.core.JsonParseException: Unexpected character ('"' (code 34)): was expecting comma to separate Object entries
 at [Source: (PushbackInputStream); line: 4, column: 4]]
2020-08-22 22:49:12.939  WARN 2692 --- [http-nio-8889-exec-4] .w.s.m.s.DefaultHandlerExceptionResolver : Resolved [org.springframework.http.converter.HttpMessageNotReadableException: JSON parse error: Unexpected character ('"' (code 34)): was expecting comma to separate Object entries; nested exception is com.fasterxml.jackson.core.JsonParseException: Unexpected character ('"' (code 34)): was expecting comma to separate Object entries
 at [Source: (PushbackInputStream); line: 5, column: 4]]
2020-08-22 22:49:13.037  WARN 2692 --- [http-nio-8889-exec-5] .w.s.m.s.DefaultHandlerExceptionResolver : Resolved [org.springframework.web.bind.MethodArgumentNotValidException: Validation failed for argument [0] in public engine.entity.Quiz engine.controller.QuizController.addQuiz(engine.entity.Quiz,java.security.Principal): [Field error in object 'quiz' on field 'options': rejected value [null]; codes [NotNull.quiz.options,NotNull.options,NotNull.java.util.List,NotNull]; arguments [org.springframework.context.support.DefaultMessageSourceResolvable: codes [quiz.options,options]; arguments []; default message [options]]; default message [must not be null]] ]
2020-08-22 22:49:13.119  WARN 2692 --- [http-nio-8889-exec-6] .w.s.m.s.DefaultHandlerExceptionResolver : Resolved [org.springframework.http.converter.HttpMessageNotReadableException: JSON parse error: Unexpected character ('"' (code 34)): was expecting comma to separate Object entries; nested exception is com.fasterxml.jackson.core.JsonParseException: Unexpected character ('"' (code 34)): was expecting comma to separate Object entries
 at [Source: (PushbackInputStream); line: 5, column: 4]]
2020-08-22 22:49:13.202  WARN 2692 --- [http-nio-8889-exec-7] .w.s.m.s.DefaultHandlerExceptionResolver : Resolved [org.springframework.http.converter.HttpMessageNotReadableException: JSON parse error: Unexpected character ('"' (code 34)): was expecting comma to separate Object entries; nested exception is com.fasterxml.jackson.core.JsonParseException: Unexpected character ('"' (code 34)): was expecting comma to separate Object entries
 at [Source: (PushbackInputStream); line: 5, column: 4]]
2020-08-22 22:49:13.530  INFO 2692 --- [http-nio-8889-exec-2] engine.controller.QuizController         : checkQuiz id: 7 user: test@google.com
2020-08-22 22:49:13.611  INFO 2692 --- [http-nio-8889-exec-3] engine.controller.QuizController         : checkQuiz id: 7 user: user@google.com
2020-08-22 22:49:13.690  INFO 2692 --- [http-nio-8889-exec-4] engine.controller.QuizController         : checkQuiz id: 7 user: test@google.com
2020-08-22 22:49:13.770  INFO 2692 --- [http-nio-8889-exec-5] engine.controller.QuizController         : checkQuiz id: 7 user: user@google.com
2020-08-22 22:49:13.852  INFO 2692 --- [http-nio-8889-exec-6] engine.controller.QuizController         : checkQuiz id: 7 user: test@google.com
2020-08-22 22:49:13.934  INFO 2692 --- [http-nio-8889-exec-7] engine.controller.QuizController         : checkQuiz id: 7 user: user@google.com
2020-08-22 22:49:14.015  INFO 2692 --- [http-nio-8889-exec-8] engine.controller.QuizController         : checkQuiz id: 7 user: test@google.com
2020-08-22 22:49:14.097  INFO 2692 --- [http-nio-8889-exec-9] engine.controller.QuizController         : checkQuiz id: 7 user: user@google.com
2020-08-22 22:49:14.177  INFO 2692 --- [http-nio-8889-exec-10] engine.controller.QuizController         : checkQuiz id: 7 user: test@google.com
2020-08-22 22:49:14.257  INFO 2692 --- [http-nio-8889-exec-1] engine.controller.QuizController         : checkQuiz id: 7 user: user@google.com
2020-08-22 22:49:14.337  INFO 2692 --- [http-nio-8889-exec-2] engine.controller.QuizController         : checkQuiz id: 7 user: test@google.com
2020-08-22 22:49:14.416  INFO 2692 --- [http-nio-8889-exec-3] engine.controller.QuizController         : checkQuiz id: 7 user: user@google.com
2020-08-22 22:49:14.496  INFO 2692 --- [http-nio-8889-exec-4] engine.controller.QuizController         : checkQuiz id: 7 user: test@google.com
2020-08-22 22:49:14.576  INFO 2692 --- [http-nio-8889-exec-5] engine.controller.QuizController         : checkQuiz id: 7 user: user@google.com
2020-08-22 22:49:14.655  INFO 2692 --- [http-nio-8889-exec-6] engine.controller.QuizController         : checkQuiz id: 7 user: test@google.com
2020-08-22 22:49:14.977  INFO 2692 --- [http-nio-8889-exec-1] engine.controller.QuizController         : checkQuiz id: 9 user: test@google.com
2020-08-22 22:49:15.059  INFO 2692 --- [http-nio-8889-exec-3] engine.controller.QuizController         : checkQuiz id: 9 user: user@google.com
2020-08-22 22:49:15.140  INFO 2692 --- [http-nio-8889-exec-4] engine.controller.QuizController         : checkQuiz id: 9 user: test@google.com
2020-08-22 22:49:15.218  INFO 2692 --- [http-nio-8889-exec-5] engine.controller.QuizController         : checkQuiz id: 9 user: user@google.com
2020-08-22 22:49:15.298  INFO 2692 --- [http-nio-8889-exec-6] engine.controller.QuizController         : checkQuiz id: 9 user: test@google.com
2020-08-22 22:49:15.378  INFO 2692 --- [http-nio-8889-exec-7] engine.controller.QuizController         : checkQuiz id: 9 user: user@google.com
2020-08-22 22:49:15.458  INFO 2692 --- [http-nio-8889-exec-8] engine.controller.QuizController         : checkQuiz id: 9 user: test@google.com
2020-08-22 22:49:15.537  INFO 2692 --- [http-nio-8889-exec-9] engine.controller.QuizController         : checkQuiz id: 9 user: user@google.com
2020-08-22 22:49:15.616  INFO 2692 --- [http-nio-8889-exec-10] engine.controller.QuizController         : checkQuiz id: 9 user: test@google.com
2020-08-22 22:49:15.696  INFO 2692 --- [http-nio-8889-exec-1] engine.controller.QuizController         : checkQuiz id: 9 user: user@google.com
2020-08-22 22:49:15.781  INFO 2692 --- [http-nio-8889-exec-2] engine.controller.QuizController         : checkQuiz id: 9 user: test@google.com
2020-08-22 22:49:15.860  INFO 2692 --- [http-nio-8889-exec-3] engine.controller.QuizController         : checkQuiz id: 9 user: user@google.com
2020-08-22 22:49:15.939  INFO 2692 --- [http-nio-8889-exec-4] engine.controller.QuizController         : checkQuiz id: 9 user: test@google.com
2020-08-22 22:49:16.018  INFO 2692 --- [http-nio-8889-exec-5] engine.controller.QuizController         : checkQuiz id: 9 user: user@google.com
2020-08-22 22:49:16.097  INFO 2692 --- [http-nio-8889-exec-6] engine.controller.QuizController         : checkQuiz id: 9 user: test@google.com
2020-08-22 22:49:16.415  INFO 2692 --- [http-nio-8889-exec-10] engine.controller.QuizController         : checkQuiz id: 11 user: test@google.com
2020-08-22 22:49:16.495  INFO 2692 --- [http-nio-8889-exec-1] engine.controller.QuizController         : checkQuiz id: 11 user: user@google.com
2020-08-22 22:49:16.574  INFO 2692 --- [http-nio-8889-exec-2] engine.controller.QuizController         : checkQuiz id: 11 user: test@google.com
2020-08-22 22:49:16.654  INFO 2692 --- [http-nio-8889-exec-3] engine.controller.QuizController         : checkQuiz id: 11 user: user@google.com
2020-08-22 22:49:16.733  INFO 2692 --- [http-nio-8889-exec-4] engine.controller.QuizController         : checkQuiz id: 11 user: test@google.com
2020-08-22 22:49:16.813  INFO 2692 --- [http-nio-8889-exec-5] engine.controller.QuizController         : checkQuiz id: 11 user: user@google.com
2020-08-22 22:49:16.892  INFO 2692 --- [http-nio-8889-exec-6] engine.controller.QuizController         : checkQuiz id: 11 user: test@google.com
2020-08-22 22:49:16.974  INFO 2692 --- [http-nio-8889-exec-7] engine.controller.QuizController         : checkQuiz id: 11 user: user@google.com
2020-08-22 22:49:17.053  INFO 2692 --- [http-nio-8889-exec-8] engine.controller.QuizController         : checkQuiz id: 11 user: test@google.com
2020-08-22 22:49:17.132  INFO 2692 --- [http-nio-8889-exec-9] engine.controller.QuizController         : checkQuiz id: 11 user: user@google.com
2020-08-22 22:49:17.211  INFO 2692 --- [http-nio-8889-exec-10] engine.controller.QuizController         : checkQuiz id: 11 user: test@google.com
2020-08-22 22:49:17.290  INFO 2692 --- [http-nio-8889-exec-1] engine.controller.QuizController         : checkQuiz id: 11 user: test@google.com
2020-08-22 22:49:17.371  INFO 2692 --- [http-nio-8889-exec-2] engine.controller.QuizController         : checkQuiz id: 11 user: user@google.com
2020-08-22 22:49:17.451  INFO 2692 --- [http-nio-8889-exec-3] engine.controller.QuizController         : checkQuiz id: 11 user: test@google.com
2020-08-22 22:49:17.533  INFO 2692 --- [http-nio-8889-exec-4] engine.controller.QuizController         : checkQuiz id: 11 user: user@google.com
2020-08-22 22:49:17.851  INFO 2692 --- [http-nio-8889-exec-8] engine.controller.QuizController         : checkQuiz id: 13 user: test@google.com
2020-08-22 22:49:17.932  INFO 2692 --- [http-nio-8889-exec-9] engine.controller.QuizController         : checkQuiz id: 13 user: test@google.com
2020-08-22 22:49:18.011  INFO 2692 --- [http-nio-8889-exec-10] engine.controller.QuizController         : checkQuiz id: 13 user: test@google.com
2020-08-22 22:49:18.092  INFO 2692 --- [http-nio-8889-exec-1] engine.controller.QuizController         : checkQuiz id: 13 user: test@google.com
2020-08-22 22:49:18.171  INFO 2692 --- [http-nio-8889-exec-2] engine.controller.QuizController         : checkQuiz id: 13 user: test@google.com
2020-08-22 22:49:18.249  INFO 2692 --- [http-nio-8889-exec-3] engine.controller.QuizController         : checkQuiz id: 13 user: test@google.com
2020-08-22 22:49:18.328  INFO 2692 --- [http-nio-8889-exec-4] engine.controller.QuizController         : checkQuiz id: 13 user: test@google.com
2020-08-22 22:49:18.408  INFO 2692 --- [http-nio-8889-exec-5] engine.controller.QuizController         : checkQuiz id: 13 user: test@google.com
2020-08-22 22:49:18.486  INFO 2692 --- [http-nio-8889-exec-6] engine.controller.QuizController         : checkQuiz id: 13 user: test@google.com
2020-08-22 22:49:18.570  INFO 2692 --- [http-nio-8889-exec-7] engine.controller.QuizController         : checkQuiz id: 13 user: test@google.com
2020-08-22 22:49:18.649  INFO 2692 --- [http-nio-8889-exec-8] engine.controller.QuizController         : checkQuiz id: 13 user: test@google.com
2020-08-22 22:49:18.728  INFO 2692 --- [http-nio-8889-exec-9] engine.controller.QuizController         : checkQuiz id: 13 user: test@google.com
2020-08-22 22:49:18.808  INFO 2692 --- [http-nio-8889-exec-10] engine.controller.QuizController         : checkQuiz id: 13 user: test@google.com
2020-08-22 22:49:18.887  INFO 2692 --- [http-nio-8889-exec-1] engine.controller.QuizController         : checkQuiz id: 13 user: test@google.com
2020-08-22 22:49:18.965  INFO 2692 --- [http-nio-8889-exec-2] engine.controller.QuizController         : checkQuiz id: 13 user: test@google.com
2020-08-22 22:49:19.286  INFO 2692 --- [http-nio-8889-exec-6] engine.controller.QuizController         : checkQuiz id: 15 user: user@google.com
2020-08-22 22:49:19.367  INFO 2692 --- [http-nio-8889-exec-7] engine.controller.QuizController         : checkQuiz id: 15 user: user@google.com
2020-08-22 22:49:19.449  INFO 2692 --- [http-nio-8889-exec-8] engine.controller.QuizController         : checkQuiz id: 15 user: user@google.com
2020-08-22 22:49:19.529  INFO 2692 --- [http-nio-8889-exec-9] engine.controller.QuizController         : checkQuiz id: 15 user: user@google.com
2020-08-22 22:49:19.608  INFO 2692 --- [http-nio-8889-exec-10] engine.controller.QuizController         : checkQuiz id: 15 user: user@google.com
2020-08-22 22:49:19.688  INFO 2692 --- [http-nio-8889-exec-1] engine.controller.QuizController         : checkQuiz id: 15 user: user@google.com
2020-08-22 22:49:19.767  INFO 2692 --- [http-nio-8889-exec-2] engine.controller.QuizController         : checkQuiz id: 15 user: user@google.com
2020-08-22 22:49:19.845  INFO 2692 --- [http-nio-8889-exec-3] engine.controller.QuizController         : checkQuiz id: 15 user: user@google.com
2020-08-22 22:49:19.924  INFO 2692 --- [http-nio-8889-exec-4] engine.controller.QuizController         : checkQuiz id: 15 user: user@google.com
2020-08-22 22:49:20.003  INFO 2692 --- [http-nio-8889-exec-5] engine.controller.QuizController         : checkQuiz id: 15 user: user@google.com
2020-08-22 22:49:20.086  INFO 2692 --- [http-nio-8889-exec-6] engine.controller.QuizController         : checkQuiz id: 15 user: user@google.com
2020-08-22 22:49:20.169  INFO 2692 --- [http-nio-8889-exec-7] engine.controller.QuizController         : checkQuiz id: 15 user: user@google.com
2020-08-22 22:49:20.248  INFO 2692 --- [http-nio-8889-exec-8] engine.controller.QuizController         : checkQuiz id: 15 user: user@google.com
2020-08-22 22:49:20.327  INFO 2692 --- [http-nio-8889-exec-9] engine.controller.QuizController         : checkQuiz id: 15 user: user@google.com
2020-08-22 22:49:20.406  INFO 2692 --- [http-nio-8889-exec-10] engine.controller.QuizController         : checkQuiz id: 15 user: user@google.com
2020-08-22 22:49:20.997  INFO 2692 --- [Thread-9] o.s.s.concurrent.ThreadPoolTaskExecutor  : Shutting down ExecutorService 'applicationTaskExecutor'
2020-08-22 22:49:21.000  INFO 2692 --- [Thread-9] j.LocalContainerEntityManagerFactoryBean : Closing JPA EntityManagerFactory for persistence unit 'default'
2020-08-22 22:49:21.002  INFO 2692 --- [Thread-9] com.zaxxer.hikari.HikariDataSource       : HikariPool-2 - Shutdown initiated...
2020-08-22 22:49:21.369  INFO 2692 --- [Thread-9] com.zaxxer.hikari.HikariDataSource       : HikariPool-2 - Shutdown completed.
2020-08-22 22:49:21.434  INFO 2692 --- [Test worker] engine.WebQuizEngine                     : Starting WebQuizEngine on POWERPC with PID 2692 (started by alexd in D:\0-alex-reserve\repos\hyperskill-web-quiz-engine\Web Quiz Engine\task)
2020-08-22 22:49:21.434  INFO 2692 --- [Test worker] engine.WebQuizEngine                     : No active profile set, falling back to default profiles: default
2020-08-22 22:49:21.482  INFO 2692 --- [Thread-9] o.apache.catalina.core.StandardService   : Stopping service [Tomcat]
2020-08-22 22:49:21.487  INFO 2692 --- [Thread-9] o.a.c.c.C.[Tomcat].[localhost].[/]       : Destroying Spring FrameworkServlet 'dispatcherServlet'
2020-08-22 22:49:21.699  INFO 2692 --- [Test worker] .s.d.r.c.RepositoryConfigurationDelegate : Bootstrapping Spring Data JPA repositories in DEFAULT mode.
2020-08-22 22:49:21.715  INFO 2692 --- [Test worker] .s.d.r.c.RepositoryConfigurationDelegate : Finished Spring Data repository scanning in 16ms. Found 3 JPA repository interfaces.
2020-08-22 22:49:21.772  INFO 2692 --- [Test worker] trationDelegate$BeanPostProcessorChecker : Bean 'org.springframework.transaction.annotation.ProxyTransactionManagementConfiguration' of type [org.springframework.transaction.annotation.ProxyTransactionManagementConfiguration] is not eligible for getting processed by all BeanPostProcessors (for example: not eligible for auto-proxying)
2020-08-22 22:49:21.797  WARN 2692 --- [Test worker] org.apache.tomcat.util.modeler.Registry  : The MBean registry cannot be disabled because it has already been initialised
2020-08-22 22:49:21.803  INFO 2692 --- [Test worker] o.s.b.w.embedded.tomcat.TomcatWebServer  : Tomcat initialized with port(s): 8889 (http)
2020-08-22 22:49:21.803  INFO 2692 --- [Test worker] o.apache.catalina.core.StandardService   : Starting service [Tomcat]
2020-08-22 22:49:21.804  INFO 2692 --- [Test worker] org.apache.catalina.core.StandardEngine  : Starting Servlet engine: [Apache Tomcat/9.0.29]
2020-08-22 22:49:21.838  INFO 2692 --- [Test worker] o.a.c.c.C.[Tomcat].[localhost].[/]       : Initializing Spring embedded WebApplicationContext
2020-08-22 22:49:21.838  INFO 2692 --- [Test worker] o.s.web.context.ContextLoader            : Root WebApplicationContext: initialization completed in 401 ms
2020-08-22 22:49:21.870  INFO 2692 --- [Test worker] com.zaxxer.hikari.HikariDataSource       : HikariPool-3 - Starting...
2020-08-22 22:49:21.881  INFO 2692 --- [Test worker] com.zaxxer.hikari.HikariDataSource       : HikariPool-3 - Start completed.
2020-08-22 22:49:21.881  INFO 2692 --- [Test worker] o.s.b.a.h2.H2ConsoleAutoConfiguration    : H2 console available at '/h2-console'. Database available at 'jdbc:h2:file:../quizdb'
2020-08-22 22:49:21.969  INFO 2692 --- [Test worker] o.hibernate.jpa.internal.util.LogHelper  : HHH000204: Processing PersistenceUnitInfo [name: default]
2020-08-22 22:49:21.977  INFO 2692 --- [Test worker] org.hibernate.dialect.Dialect            : HHH000400: Using dialect: org.hibernate.dialect.H2Dialect
2020-08-22 22:49:22.061  INFO 2692 --- [Test worker] o.h.e.t.j.p.i.JtaPlatformInitiator       : HHH000490: Using JtaPlatform implementation: [org.hibernate.engine.transaction.jta.platform.internal.NoJtaPlatform]
2020-08-22 22:49:22.062  INFO 2692 --- [Test worker] j.LocalContainerEntityManagerFactoryBean : Initialized JPA EntityManagerFactory for persistence unit 'default'
2020-08-22 22:49:22.080  WARN 2692 --- [Test worker] JpaBaseConfiguration$JpaWebConfiguration : spring.jpa.open-in-view is enabled by default. Therefore, database queries may be performed during view rendering. Explicitly configure spring.jpa.open-in-view to disable this warning
2020-08-22 22:49:22.150  INFO 2692 --- [Test worker] o.s.s.web.DefaultSecurityFilterChain     : Creating filter chain: any request, [org.springframework.security.web.context.request.async.WebAsyncManagerIntegrationFilter@6fcefb13, org.springframework.security.web.context.SecurityContextPersistenceFilter@1435035f, org.springframework.security.web.header.HeaderWriterFilter@2fb2457d, org.springframework.security.web.authentication.logout.LogoutFilter@15a5ae2e, org.springframework.security.web.authentication.www.BasicAuthenticationFilter@788b88cc, org.springframework.security.web.savedrequest.RequestCacheAwareFilter@7d090b6a, org.springframework.security.web.servletapi.SecurityContextHolderAwareRequestFilter@40ad201b, org.springframework.security.web.authentication.AnonymousAuthenticationFilter@12a0c8d7, org.springframework.security.web.session.SessionManagementFilter@3d1a9d07, org.springframework.security.web.access.ExceptionTranslationFilter@1c2ebf6c, org.springframework.security.web.access.intercept.FilterSecurityInterceptor@ecc592d]
2020-08-22 22:49:22.192  INFO 2692 --- [Test worker] o.s.s.concurrent.ThreadPoolTaskExecutor  : Initializing ExecutorService 'applicationTaskExecutor'
2020-08-22 22:49:22.284  INFO 2692 --- [Test worker] o.s.b.a.e.web.EndpointLinksResolver      : Exposing 15 endpoint(s) beneath base path '/actuator'
2020-08-22 22:49:22.304  INFO 2692 --- [Test worker] o.s.b.w.embedded.tomcat.TomcatWebServer  : Tomcat started on port(s): 8889 (http) with context path ''
2020-08-22 22:49:22.304  INFO 2692 --- [Test worker] engine.WebQuizEngine                     : Started WebQuizEngine in 0.897 seconds (JVM running for 23.623)
2020-08-22 22:49:22.312  INFO 2692 --- [http-nio-8889-exec-1] o.a.c.c.C.[Tomcat].[localhost].[/]       : Initializing Spring DispatcherServlet 'dispatcherServlet'
2020-08-22 22:49:22.312  INFO 2692 --- [http-nio-8889-exec-1] o.s.web.servlet.DispatcherServlet        : Initializing Servlet 'dispatcherServlet'
2020-08-22 22:49:22.315  INFO 2692 --- [http-nio-8889-exec-1] o.s.web.servlet.DispatcherServlet        : Completed initialization in 3 ms
2020-08-22 22:49:22.568  INFO 2692 --- [http-nio-8889-exec-2] engine.controller.QuizController         : checkQuiz id: 13 user: test@google.com
2020-08-22 22:49:22.654  INFO 2692 --- [http-nio-8889-exec-3] engine.controller.QuizController         : checkQuiz id: 13 user: user@google.com
2020-08-22 22:49:22.736  INFO 2692 --- [http-nio-8889-exec-4] engine.controller.QuizController         : checkQuiz id: 15 user: test@google.com
2020-08-22 22:49:22.816  INFO 2692 --- [http-nio-8889-exec-5] engine.controller.QuizController         : checkQuiz id: 15 user: user@google.com
2020-08-22 22:49:22.897  INFO 2692 --- [http-nio-8889-exec-6] engine.controller.QuizController         : getCompletionList page: 0 user: test@google.com
2020-08-22 22:49:22.980  INFO 2692 --- [http-nio-8889-exec-7] engine.controller.QuizController         : getCompletionList page: 0 user: test@google.com
2020-08-22 22:49:23.061  INFO 2692 --- [http-nio-8889-exec-8] engine.controller.QuizController         : getCompletionList page: 0 user: test@google.com
2020-08-22 22:49:23.141  INFO 2692 --- [http-nio-8889-exec-9] engine.controller.QuizController         : getCompletionList page: 0 user: test@google.com
2020-08-22 22:49:23.221  INFO 2692 --- [http-nio-8889-exec-10] engine.controller.QuizController         : getCompletionList page: 0 user: test@google.com
2020-08-22 22:49:23.300  INFO 2692 --- [http-nio-8889-exec-1] engine.controller.QuizController         : getCompletionList page: 0 user: user@google.com
2020-08-22 22:49:23.378  INFO 2692 --- [http-nio-8889-exec-2] engine.controller.QuizController         : getCompletionList page: 0 user: user@google.com
2020-08-22 22:49:23.457  INFO 2692 --- [http-nio-8889-exec-3] engine.controller.QuizController         : getCompletionList page: 0 user: user@google.com
2020-08-22 22:49:23.536  INFO 2692 --- [http-nio-8889-exec-4] engine.controller.QuizController         : getCompletionList page: 0 user: user@google.com
2020-08-22 22:49:23.617  INFO 2692 --- [http-nio-8889-exec-5] engine.controller.QuizController         : getCompletionList page: 0 user: user@google.com
2020-08-22 22:49:23.697  INFO 2692 --- [http-nio-8889-exec-6] engine.controller.QuizController         : getCompletionList page: 0 user: user@google.com
2020-08-22 22:49:23.776  INFO 2692 --- [http-nio-8889-exec-7] engine.controller.QuizController         : checkQuiz id: 11 user: test@google.com
2020-08-22 22:49:23.855  INFO 2692 --- [http-nio-8889-exec-8] engine.controller.QuizController         : checkQuiz id: 11 user: test@google.com
2020-08-22 22:49:23.939  INFO 2692 --- [http-nio-8889-exec-9] engine.controller.QuizController         : checkQuiz id: 11 user: test@google.com
2020-08-22 22:49:24.019  INFO 2692 --- [http-nio-8889-exec-10] engine.controller.QuizController         : checkQuiz id: 11 user: test@google.com
2020-08-22 22:49:24.099  INFO 2692 --- [http-nio-8889-exec-1] engine.controller.QuizController         : checkQuiz id: 11 user: test@google.com
2020-08-22 22:49:24.181  INFO 2692 --- [http-nio-8889-exec-2] engine.controller.QuizController         : checkQuiz id: 15 user: test@google.com
2020-08-22 22:49:24.260  INFO 2692 --- [http-nio-8889-exec-3] engine.controller.QuizController         : checkQuiz id: 9 user: user@google.com
2020-08-22 22:49:24.340  INFO 2692 --- [http-nio-8889-exec-4] engine.controller.QuizController         : checkQuiz id: 9 user: user@google.com
2020-08-22 22:49:24.419  INFO 2692 --- [http-nio-8889-exec-5] engine.controller.QuizController         : checkQuiz id: 9 user: user@google.com
2020-08-22 22:49:24.498  INFO 2692 --- [http-nio-8889-exec-6] engine.controller.QuizController         : checkQuiz id: 9 user: user@google.com
2020-08-22 22:49:24.579  INFO 2692 --- [http-nio-8889-exec-7] engine.controller.QuizController         : checkQuiz id: 9 user: user@google.com
2020-08-22 22:49:24.657  INFO 2692 --- [http-nio-8889-exec-8] engine.controller.QuizController         : checkQuiz id: 13 user: user@google.com
2020-08-22 22:49:24.736  INFO 2692 --- [http-nio-8889-exec-9] engine.controller.QuizController         : getCompletionList page: 0 user: test@google.com
2020-08-22 22:49:24.824  INFO 2692 --- [http-nio-8889-exec-10] engine.controller.QuizController         : getCompletionList page: 0 user: test@google.com
2020-08-22 22:49:24.903  INFO 2692 --- [http-nio-8889-exec-1] engine.controller.QuizController         : getCompletionList page: 0 user: test@google.com
2020-08-22 22:49:24.983  INFO 2692 --- [http-nio-8889-exec-2] engine.controller.QuizController         : getCompletionList page: 0 user: test@google.com
2020-08-22 22:49:25.062  INFO 2692 --- [http-nio-8889-exec-3] engine.controller.QuizController         : getCompletionList page: 0 user: test@google.com
2020-08-22 22:49:25.141  INFO 2692 --- [http-nio-8889-exec-4] engine.controller.QuizController         : getCompletionList page: 0 user: test@google.com
2020-08-22 22:49:25.220  INFO 2692 --- [http-nio-8889-exec-5] engine.controller.QuizController         : getCompletionList page: 1 user: test@google.com
2020-08-22 22:49:25.298  INFO 2692 --- [http-nio-8889-exec-6] engine.controller.QuizController         : getCompletionList page: 0 user: user@google.com
2020-08-22 22:49:25.377  INFO 2692 --- [http-nio-8889-exec-7] engine.controller.QuizController         : getCompletionList page: 0 user: user@google.com
2020-08-22 22:49:25.460  INFO 2692 --- [http-nio-8889-exec-8] engine.controller.QuizController         : getCompletionList page: 0 user: user@google.com
2020-08-22 22:49:25.538  INFO 2692 --- [http-nio-8889-exec-9] engine.controller.QuizController         : getCompletionList page: 0 user: user@google.com
2020-08-22 22:49:25.617  INFO 2692 --- [http-nio-8889-exec-10] engine.controller.QuizController         : getCompletionList page: 0 user: user@google.com
2020-08-22 22:49:25.696  INFO 2692 --- [http-nio-8889-exec-1] engine.controller.QuizController         : getCompletionList page: 0 user: user@google.com
2020-08-22 22:49:25.775  INFO 2692 --- [http-nio-8889-exec-2] engine.controller.QuizController         : getCompletionList page: 1 user: user@google.com
2020-08-22 22:49:25.853  INFO 2692 --- [http-nio-8889-exec-3] engine.controller.QuizController         : getCompletionList page: 1 user: user@google.com
2020-08-22 22:49:27.654  INFO 2692 --- [Thread-12] o.s.s.concurrent.ThreadPoolTaskExecutor  : Shutting down ExecutorService 'applicationTaskExecutor'
2020-08-22 22:49:27.656  INFO 2692 --- [Thread-12] j.LocalContainerEntityManagerFactoryBean : Closing JPA EntityManagerFactory for persistence unit 'default'
2020-08-22 22:49:27.657  INFO 2692 --- [Thread-12] com.zaxxer.hikari.HikariDataSource       : HikariPool-3 - Shutdown initiated...
2020-08-22 22:49:28.043  INFO 2692 --- [Thread-12] com.zaxxer.hikari.HikariDataSource       : HikariPool-3 - Shutdown completed.
2020-08-22 22:49:28.087  INFO 2692 --- [Test worker] engine.WebQuizEngine                     : Starting WebQuizEngine on POWERPC with PID 2692 (started by alexd in D:\0-alex-reserve\repos\hyperskill-web-quiz-engine\Web Quiz Engine\task)
2020-08-22 22:49:28.088  INFO 2692 --- [Test worker] engine.WebQuizEngine                     : No active profile set, falling back to default profiles: default
2020-08-22 22:49:28.161  INFO 2692 --- [Thread-12] o.apache.catalina.core.StandardService   : Stopping service [Tomcat]
2020-08-22 22:49:28.169  INFO 2692 --- [Thread-12] o.a.c.c.C.[Tomcat].[localhost].[/]       : Destroying Spring FrameworkServlet 'dispatcherServlet'
2020-08-22 22:49:28.356  INFO 2692 --- [Test worker] .s.d.r.c.RepositoryConfigurationDelegate : Bootstrapping Spring Data JPA repositories in DEFAULT mode.
2020-08-22 22:49:28.373  INFO 2692 --- [Test worker] .s.d.r.c.RepositoryConfigurationDelegate : Finished Spring Data repository scanning in 16ms. Found 3 JPA repository interfaces.
2020-08-22 22:49:28.420  INFO 2692 --- [Test worker] trationDelegate$BeanPostProcessorChecker : Bean 'org.springframework.transaction.annotation.ProxyTransactionManagementConfiguration' of type [org.springframework.transaction.annotation.ProxyTransactionManagementConfiguration] is not eligible for getting processed by all BeanPostProcessors (for example: not eligible for auto-proxying)
2020-08-22 22:49:28.446  WARN 2692 --- [Test worker] org.apache.tomcat.util.modeler.Registry  : The MBean registry cannot be disabled because it has already been initialised
2020-08-22 22:49:28.453  INFO 2692 --- [Test worker] o.s.b.w.embedded.tomcat.TomcatWebServer  : Tomcat initialized with port(s): 8889 (http)
2020-08-22 22:49:28.454  INFO 2692 --- [Test worker] o.apache.catalina.core.StandardService   : Starting service [Tomcat]
2020-08-22 22:49:28.454  INFO 2692 --- [Test worker] org.apache.catalina.core.StandardEngine  : Starting Servlet engine: [Apache Tomcat/9.0.29]
2020-08-22 22:49:28.485  INFO 2692 --- [Test worker] o.a.c.c.C.[Tomcat].[localhost].[/]       : Initializing Spring embedded WebApplicationContext
2020-08-22 22:49:28.485  INFO 2692 --- [Test worker] o.s.web.context.ContextLoader            : Root WebApplicationContext: initialization completed in 395 ms
2020-08-22 22:49:28.516  INFO 2692 --- [Test worker] com.zaxxer.hikari.HikariDataSource       : HikariPool-4 - Starting...
2020-08-22 22:49:28.525  INFO 2692 --- [Test worker] com.zaxxer.hikari.HikariDataSource       : HikariPool-4 - Start completed.
2020-08-22 22:49:28.526  INFO 2692 --- [Test worker] o.s.b.a.h2.H2ConsoleAutoConfiguration    : H2 console available at '/h2-console'. Database available at 'jdbc:h2:file:../quizdb'
2020-08-22 22:49:28.601  INFO 2692 --- [Test worker] o.hibernate.jpa.internal.util.LogHelper  : HHH000204: Processing PersistenceUnitInfo [name: default]
2020-08-22 22:49:28.609  INFO 2692 --- [Test worker] org.hibernate.dialect.Dialect            : HHH000400: Using dialect: org.hibernate.dialect.H2Dialect
2020-08-22 22:49:28.703  INFO 2692 --- [Test worker] o.h.e.t.j.p.i.JtaPlatformInitiator       : HHH000490: Using JtaPlatform implementation: [org.hibernate.engine.transaction.jta.platform.internal.NoJtaPlatform]
2020-08-22 22:49:28.703  INFO 2692 --- [Test worker] j.LocalContainerEntityManagerFactoryBean : Initialized JPA EntityManagerFactory for persistence unit 'default'
2020-08-22 22:49:28.729  WARN 2692 --- [Test worker] JpaBaseConfiguration$JpaWebConfiguration : spring.jpa.open-in-view is enabled by default. Therefore, database queries may be performed during view rendering. Explicitly configure spring.jpa.open-in-view to disable this warning
2020-08-22 22:49:28.815  INFO 2692 --- [Test worker] o.s.s.web.DefaultSecurityFilterChain     : Creating filter chain: any request, [org.springframework.security.web.context.request.async.WebAsyncManagerIntegrationFilter@6d65cb89, org.springframework.security.web.context.SecurityContextPersistenceFilter@51d6b1d, org.springframework.security.web.header.HeaderWriterFilter@55e31048, org.springframework.security.web.authentication.logout.LogoutFilter@4e9884b2, org.springframework.security.web.authentication.www.BasicAuthenticationFilter@76ebbd69, org.springframework.security.web.savedrequest.RequestCacheAwareFilter@4c7e30ef, org.springframework.security.web.servletapi.SecurityContextHolderAwareRequestFilter@1521878, org.springframework.security.web.authentication.AnonymousAuthenticationFilter@5fbf441e, org.springframework.security.web.session.SessionManagementFilter@38b33e66, org.springframework.security.web.access.ExceptionTranslationFilter@5623e130, org.springframework.security.web.access.intercept.FilterSecurityInterceptor@3a7e22b7]
2020-08-22 22:49:28.851  INFO 2692 --- [Test worker] o.s.s.concurrent.ThreadPoolTaskExecutor  : Initializing ExecutorService 'applicationTaskExecutor'
2020-08-22 22:49:28.928  INFO 2692 --- [Test worker] o.s.b.a.e.web.EndpointLinksResolver      : Exposing 15 endpoint(s) beneath base path '/actuator'
2020-08-22 22:49:28.945  INFO 2692 --- [Test worker] o.s.b.w.embedded.tomcat.TomcatWebServer  : Tomcat started on port(s): 8889 (http) with context path ''
2020-08-22 22:49:28.945  INFO 2692 --- [Test worker] engine.WebQuizEngine                     : Started WebQuizEngine in 0.88 seconds (JVM running for 30.265)
2020-08-22 22:49:28.952  INFO 2692 --- [http-nio-8889-exec-1] o.a.c.c.C.[Tomcat].[localhost].[/]       : Initializing Spring DispatcherServlet 'dispatcherServlet'
2020-08-22 22:49:28.952  INFO 2692 --- [http-nio-8889-exec-1] o.s.web.servlet.DispatcherServlet        : Initializing Servlet 'dispatcherServlet'
2020-08-22 22:49:28.955  INFO 2692 --- [http-nio-8889-exec-1] o.s.web.servlet.DispatcherServlet        : Completed initialization in 3 ms
2020-08-22 22:49:30.594  INFO 2692 --- [SpringContextShutdownHook] o.s.s.concurrent.ThreadPoolTaskExecutor  : Shutting down ExecutorService 'applicationTaskExecutor'
2020-08-22 22:49:30.595  INFO 2692 --- [SpringContextShutdownHook] j.LocalContainerEntityManagerFactoryBean : Closing JPA EntityManagerFactory for persistence unit 'default'
2020-08-22 22:49:30.595  INFO 2692 --- [SpringContextShutdownHook] com.zaxxer.hikari.HikariDataSource       : HikariPool-4 - Shutdown initiated...
2020-08-22 22:49:30.599  INFO 2692 --- [SpringContextShutdownHook] com.zaxxer.hikari.HikariDataSource       : HikariPool-4 - Shutdown completed.
